0 info it worked if it ends with ok
1 verbose cli [ 'C:\\Program Files (x86)\\nodejs\\node.exe',
1 verbose cli   'C:\\Users\\SCZ\\AppData\\Roaming\\npm\\node_modules\\cnpm\\node_modules\\npm\\bin\\npm-cli.js',
1 verbose cli   '--userconfig=C:\\Users\\SCZ\\.cnpmrc',
1 verbose cli   '--disturl=https://npm.taobao.org/mirrors/node',
1 verbose cli   '--registry=https://registry.npm.taobao.org',
1 verbose cli   'run',
1 verbose cli   'dev' ]
2 info using npm@3.10.10
3 info using node@v8.11.2
4 verbose run-script [ 'predev', 'dev', 'postdev' ]
5 info lifecycle design-pattern-test@1.0.0~predev: design-pattern-test@1.0.0
6 silly lifecycle design-pattern-test@1.0.0~predev: no script for predev, continuing
7 info lifecycle design-pattern-test@1.0.0~dev: design-pattern-test@1.0.0
8 verbose lifecycle design-pattern-test@1.0.0~dev: unsafe-perm in lifecycle true
9 verbose lifecycle design-pattern-test@1.0.0~dev: PATH: C:\Users\SCZ\AppData\Roaming\npm\node_modules\cnpm\node_modules\npm\bin\node-gyp-bin;C:\Users\SCZ\WebstormProjects\design-pattern-test\node_modules\.bin;C:\WINDOWS\system32;C:\WINDOWS;C:\WINDOWS\System32\Wbem;C:\WINDOWS\System32\WindowsPowerShell\v1.0\;C:\WINDOWS\system32\config\systemprofile\.dnx\bin;C:\Program Files\Microsoft DNX\Dnvm\;C:\Program Files (x86)\Windows Kits\8.1\Windows Performance Toolkit\;C:\Program Files\Microsoft SQL Server\120\Tools\Binn\;C:\Program Files\Microsoft SQL Server\130\Tools\Binn\;C:\Program Files\Git\cmd;C:\Program Files (x86)\nodejs\;C:\Users\SCZ\AppData\Local\Programs\Python\Python36\Scripts\;C:\Users\SCZ\AppData\Local\Programs\Python\Python36\;C:\Users\SCZ\AppData\Local\Microsoft\WindowsApps;;C:\Users\SCZ\AppData\Local\Microsoft\WindowsApps;C:\Users\SCZ\AppData\Roaming\npm;C:\Users\SCZ\AppData\Local\Programs\Fiddler
10 verbose lifecycle design-pattern-test@1.0.0~dev: CWD: C:\Users\SCZ\WebstormProjects\design-pattern-test
11 silly lifecycle design-pattern-test@1.0.0~dev: Args: [ '/d /s /c',
11 silly lifecycle   'webpack-dev-server --config ./webpack.dev.config.js --mode development' ]
12 silly lifecycle design-pattern-test@1.0.0~dev: Returned: code: 1  signal: null
13 info lifecycle design-pattern-test@1.0.0~dev: Failed to exec dev script
14 verbose stack Error: design-pattern-test@1.0.0 dev: `webpack-dev-server --config ./webpack.dev.config.js --mode development`
14 verbose stack Exit status 1
14 verbose stack     at EventEmitter.<anonymous> (C:\Users\SCZ\AppData\Roaming\npm\node_modules\cnpm\node_modules\npm\lib\utils\lifecycle.js:255:16)
14 verbose stack     at emitTwo (events.js:126:13)
14 verbose stack     at EventEmitter.emit (events.js:214:7)
14 verbose stack     at ChildProcess.<anonymous> (C:\Users\SCZ\AppData\Roaming\npm\node_modules\cnpm\node_modules\npm\lib\utils\spawn.js:40:14)
14 verbose stack     at emitTwo (events.js:126:13)
14 verbose stack     at ChildProcess.emit (events.js:214:7)
14 verbose stack     at maybeClose (internal/child_process.js:925:16)
14 verbose stack     at Process.ChildProcess._handle.onexit (internal/child_process.js:209:5)
15 verbose pkgid design-pattern-test@1.0.0
16 verbose cwd C:\Users\SCZ\WebstormProjects\design-pattern-test
17 error Windows_NT 10.0.16299
18 error argv "C:\\Program Files (x86)\\nodejs\\node.exe" "C:\\Users\\SCZ\\AppData\\Roaming\\npm\\node_modules\\cnpm\\node_modules\\npm\\bin\\npm-cli.js" "--userconfig=C:\\Users\\SCZ\\.cnpmrc" "--disturl=https://npm.taobao.org/mirrors/node" "--registry=https://registry.npm.taobao.org" "run" "dev"
19 error node v8.11.2
20 error npm  v3.10.10
21 error code ELIFECYCLE
22 error design-pattern-test@1.0.0 dev: `webpack-dev-server --config ./webpack.dev.config.js --mode development`
22 error Exit status 1
23 error Failed at the design-pattern-test@1.0.0 dev script 'webpack-dev-server --config ./webpack.dev.config.js --mode development'.
23 error Make sure you have the latest version of node.js and npm installed.
23 error If you do, this is most likely a problem with the design-pattern-test package,
23 error not with npm itself.
23 error Tell the author that this fails on your system:
23 error     webpack-dev-server --config ./webpack.dev.config.js --mode development
23 error You can get information on how to open an issue for this project with:
23 error     npm bugs design-pattern-test
23 error Or if that isn't available, you can get their info via:
23 error     npm owner ls design-pattern-test
23 error There is likely additional logging output above.
24 verbose exit [ 1, true ]
